[Robot @ robot.py:101][DEBUG] 2017-08-23 16:14:32,408: Logging to: logs/2017_Aug_23/16;14;32.log
[Robot @ robot.py:58][DEBUG] 2017-08-23 16:14:32,408: logger initialized: file_name: 16;14;32.log, directory: logs/2017_Aug_23, write: True, log_level: 30
[Leona @ datastream.py:130][DEBUG] 2017-08-23 16:14:32,421: 'Leona' receiving feed from 'LeonaPipeline' requesting 'results' service
[CMDline @ datastream.py:130][DEBUG] 2017-08-23 16:14:32,422: 'CMDline' subscribing to 'Leona' 
[CMDline @ datastream.py:130][DEBUG] 2017-08-23 16:14:32,422: 'CMDline' subscribing to 'PiCamera' 
[LeonaPipeline @ datastream.py:130][DEBUG] 2017-08-23 16:14:32,423: 'LeonaPipeline' receiving updates from 'PiCamera' 
[Robot @ robot.py:117][DEBUG] 2017-08-23 16:14:32,423: Active streams: [PiCamera(), Leona(), LeonaPipeline(), CMDline()]
[Robot @ robot.py:255][DEBUG] 2017-08-23 16:14:32,424: Asynchronous streams: [Leona(), CMDline()]
[Robot @ robot.py:256][DEBUG] 2017-08-23 16:14:32,424: Threaded streams: [PiCamera(), LeonaPipeline()]
[Robot @ robot.py:257][DEBUG] 2017-08-23 16:14:32,424: Static streams: []
[Robot @ robot.py:152][DEBUG] 2017-08-23 16:14:32,424: Applying subscriptions
[PiCamera @ datastream.py:214][DEBUG] 2017-08-23 16:14:32,425: Checking subscriptions
[PiCamera @ datastream.py:432][DEBUG] 2017-08-23 16:14:32,425: applying subscriptions: {}
[Leona @ datastream.py:214][DEBUG] 2017-08-23 16:14:32,425: Checking subscriptions
[Leona @ datastream.py:432][DEBUG] 2017-08-23 16:14:32,426: applying subscriptions: {'pipeline': Feed(tag='pipeline', producer_stream=LeonaPipeline, consumer_stream=Leona)}
[LeonaPipeline @ datastream.py:214][DEBUG] 2017-08-23 16:14:32,426: Checking subscriptions
[LeonaPipeline @ datastream.py:432][DEBUG] 2017-08-23 16:14:32,426: applying subscriptions: {'capture': Update(tag='capture', producer_stream=PiCamera, consumer_stream=LeonaPipeline)}
[CMDline @ datastream.py:214][DEBUG] 2017-08-23 16:14:32,427: Checking subscriptions
[CMDline @ datastream.py:432][DEBUG] 2017-08-23 16:14:32,427: applying subscriptions: {'leona': Subscription(tag='leona', producer_stream=Leona, consumer_stream=CMDline), 'capture': Subscription(tag='capture', producer_stream=PiCamera, consumer_stream=CMDline)}
[Robot @ robot.py:157][DEBUG] 2017-08-23 16:14:32,427: Starting streams, threads have started
[Robot @ robot.py:159][DEBUG] 2017-08-23 16:14:32,428: Calling PiCamera's start
[PiCamera @ datastream.py:442][DEBUG] 2017-08-23 16:14:32,428: starting
[PiCamera @ datastream.py:457][DEBUG] 2017-08-23 16:14:32,789: calling run
[Robot @ robot.py:159][DEBUG] 2017-08-23 16:14:32,790: Calling Leona's start
[Leona @ datastream.py:442][DEBUG] 2017-08-23 16:14:32,790: starting
[Leona @ stream.py:319][DEBUG] 2017-08-23 16:14:32,834: Discovered ports: [SerialPort(port_address=/dev/ttyACM0)]
[PiCamera @ picamera.py:126][DEBUG] 2017-08-23 16:14:34,903: frame #0
[Leona @ stream.py:357][DEBUG] 2017-08-23 16:14:35,052: [/dev/ttyACM0] has ID 'actuators'
[Leona @ stream.py:580][DEBUG] 2017-08-23 16:14:35,053: <-, actuators, 10	1, object>
[Leona @ stream.py:272][DEBUG] 2017-08-23 16:14:35,055: First packets sent
[PiCamera @ picamera.py:126][DEBUG] 2017-08-23 16:14:35,061: frame #1
[Robot @ robot.py:159][DEBUG] 2017-08-23 16:14:35,096: Calling LeonaPipeline's start
[LeonaPipeline @ datastream.py:442][DEBUG] 2017-08-23 16:14:35,105: starting
[PiCamera @ picamera.py:126][DEBUG] 2017-08-23 16:14:35,267: frame #2
[LeonaPipeline @ datastream.py:457][DEBUG] 2017-08-23 16:14:35,452: calling run
[Robot @ robot.py:159][DEBUG] 2017-08-23 16:14:35,468: Calling CMDline's start
[CMDline @ datastream.py:442][DEBUG] 2017-08-23 16:14:35,475: starting
[Robot @ robot.py:163][DEBUG] 2017-08-23 16:14:35,485: Calling setup_fn
[Robot @ robot.py:128][DEBUG] 2017-08-23 16:14:35,502: Starting coroutine
[PiCamera @ picamera.py:126][DEBUG] 2017-08-23 16:14:35,486: frame #3
[Leona @ stream.py:580][DEBUG] 2017-08-23 16:14:35,523: <2017-08-23 16:14:35,522929, actuators, h, command>
[PiCamera @ picamera.py:126][DEBUG] 2017-08-23 16:14:35,748: frame #4
[PiCamera @ picamera.py:126][DEBUG] 2017-08-23 16:14:35,896: frame #5
[PiCamera @ picamera.py:126][DEBUG] 2017-08-23 16:14:36,126: frame #6
[PiCamera @ picamera.py:126][DEBUG] 2017-08-23 16:14:36,312: frame #7
[PiCamera @ picamera.py:126][DEBUG] 2017-08-23 16:14:36,549: frame #8
[PiCamera @ picamera.py:126][DEBUG] 2017-08-23 16:14:36,742: frame #9
[PiCamera @ picamera.py:126][DEBUG] 2017-08-23 16:14:36,922: frame #10
[PiCamera @ picamera.py:126][DEBUG] 2017-08-23 16:14:37,189: frame #11
[PiCamera @ picamera.py:126][DEBUG] 2017-08-23 16:14:37,451: frame #12
[PiCamera @ picamera.py:126][DEBUG] 2017-08-23 16:14:37,611: frame #13
[PiCamera @ picamera.py:126][DEBUG] 2017-08-23 16:14:37,858: frame #14
[PiCamera @ picamera.py:126][DEBUG] 2017-08-23 16:14:38,068: frame #15
[PiCamera @ picamera.py:126][DEBUG] 2017-08-23 16:14:38,270: frame #16
[PiCamera @ picamera.py:126][DEBUG] 2017-08-23 16:14:38,522: frame #17
[PiCamera @ picamera.py:126][DEBUG] 2017-08-23 16:14:38,747: frame #18
[PiCamera @ picamera.py:126][DEBUG] 2017-08-23 16:14:38,937: frame #19
[PiCamera @ picamera.py:126][DEBUG] 2017-08-23 16:14:39,114: frame #20
[PiCamera @ picamera.py:126][DEBUG] 2017-08-23 16:14:39,330: frame #21
[PiCamera @ picamera.py:126][DEBUG] 2017-08-23 16:14:39,489: frame #22
[PiCamera @ picamera.py:126][DEBUG] 2017-08-23 16:14:39,699: frame #23
[PiCamera @ picamera.py:126][DEBUG] 2017-08-23 16:14:39,960: frame #24
[PiCamera @ picamera.py:126][DEBUG] 2017-08-23 16:14:40,150: frame #25
[PiCamera @ picamera.py:126][DEBUG] 2017-08-23 16:14:40,357: frame #26
[PiCamera @ picamera.py:126][DEBUG] 2017-08-23 16:14:40,565: frame #27
[PiCamera @ picamera.py:126][DEBUG] 2017-08-23 16:14:40,735: frame #28
[PiCamera @ picamera.py:126][DEBUG] 2017-08-23 16:14:40,920: frame #29
[PiCamera @ picamera.py:126][DEBUG] 2017-08-23 16:14:41,184: frame #30
[PiCamera @ picamera.py:126][DEBUG] 2017-08-23 16:14:41,409: frame #31
[PiCamera @ picamera.py:126][DEBUG] 2017-08-23 16:14:41,596: frame #32
[PiCamera @ picamera.py:126][DEBUG] 2017-08-23 16:14:41,801: frame #33
[PiCamera @ picamera.py:126][DEBUG] 2017-08-23 16:14:42,051: frame #34
[PiCamera @ picamera.py:126][DEBUG] 2017-08-23 16:14:42,380: frame #35
[PiCamera @ picamera.py:126][DEBUG] 2017-08-23 16:14:42,593: frame #36
[PiCamera @ picamera.py:126][DEBUG] 2017-08-23 16:14:42,854: frame #37
[PiCamera @ picamera.py:126][DEBUG] 2017-08-23 16:14:43,119: frame #38
[PiCamera @ picamera.py:126][DEBUG] 2017-08-23 16:14:43,414: frame #39
[PiCamera @ picamera.py:126][DEBUG] 2017-08-23 16:14:43,648: frame #40
[PiCamera @ picamera.py:126][DEBUG] 2017-08-23 16:14:43,826: frame #41
[PiCamera @ picamera.py:126][DEBUG] 2017-08-23 16:14:44,087: frame #42
[PiCamera @ picamera.py:126][DEBUG] 2017-08-23 16:14:44,281: frame #43
[PiCamera @ picamera.py:126][DEBUG] 2017-08-23 16:14:44,505: frame #44
[PiCamera @ picamera.py:126][DEBUG] 2017-08-23 16:14:44,704: frame #45
[PiCamera @ picamera.py:126][DEBUG] 2017-08-23 16:14:44,943: frame #46
[PiCamera @ picamera.py:126][DEBUG] 2017-08-23 16:14:45,167: frame #47
[PiCamera @ picamera.py:126][DEBUG] 2017-08-23 16:14:45,409: frame #48
[PiCamera @ picamera.py:126][DEBUG] 2017-08-23 16:14:45,672: frame #49
[PiCamera @ picamera.py:126][DEBUG] 2017-08-23 16:14:45,826: frame #50
[PiCamera @ picamera.py:126][DEBUG] 2017-08-23 16:14:46,023: frame #51
[PiCamera @ picamera.py:126][DEBUG] 2017-08-23 16:14:46,209: frame #52
[PiCamera @ picamera.py:126][DEBUG] 2017-08-23 16:14:46,437: frame #53
[PiCamera @ picamera.py:126][DEBUG] 2017-08-23 16:14:46,611: frame #54
[PiCamera @ picamera.py:126][DEBUG] 2017-08-23 16:14:46,789: frame #55
[PiCamera @ picamera.py:126][DEBUG] 2017-08-23 16:14:46,953: frame #56
[PiCamera @ picamera.py:126][DEBUG] 2017-08-23 16:14:47,157: frame #57
[PiCamera @ picamera.py:126][DEBUG] 2017-08-23 16:14:47,374: frame #58
[PiCamera @ picamera.py:126][DEBUG] 2017-08-23 16:14:47,606: frame #59
[PiCamera @ picamera.py:126][DEBUG] 2017-08-23 16:14:47,797: frame #60
[PiCamera @ picamera.py:126][DEBUG] 2017-08-23 16:14:47,992: frame #61
[PiCamera @ picamera.py:126][DEBUG] 2017-08-23 16:14:48,271: frame #62
[PiCamera @ picamera.py:126][DEBUG] 2017-08-23 16:14:48,475: frame #63
[PiCamera @ picamera.py:126][DEBUG] 2017-08-23 16:14:48,638: frame #64
[PiCamera @ picamera.py:126][DEBUG] 2017-08-23 16:14:48,743: frame #65
[PiCamera @ picamera.py:126][DEBUG] 2017-08-23 16:14:48,891: frame #66
[PiCamera @ picamera.py:126][DEBUG] 2017-08-23 16:14:49,030: frame #67
[PiCamera @ picamera.py:126][DEBUG] 2017-08-23 16:14:49,157: frame #68
[PiCamera @ picamera.py:126][DEBUG] 2017-08-23 16:14:49,355: frame #69
[PiCamera @ picamera.py:126][DEBUG] 2017-08-23 16:14:49,632: frame #70
[PiCamera @ picamera.py:126][DEBUG] 2017-08-23 16:14:49,876: frame #71
[PiCamera @ picamera.py:126][DEBUG] 2017-08-23 16:14:50,106: frame #72
[PiCamera @ picamera.py:126][DEBUG] 2017-08-23 16:14:50,299: frame #73
[PiCamera @ picamera.py:126][DEBUG] 2017-08-23 16:14:50,504: frame #74
[PiCamera @ picamera.py:126][DEBUG] 2017-08-23 16:14:50,653: frame #75
[PiCamera @ picamera.py:126][DEBUG] 2017-08-23 16:14:50,960: frame #76
[PiCamera @ picamera.py:126][DEBUG] 2017-08-23 16:14:51,216: frame #77
[PiCamera @ picamera.py:126][DEBUG] 2017-08-23 16:14:51,415: frame #78
[PiCamera @ picamera.py:126][DEBUG] 2017-08-23 16:14:51,602: frame #79
[PiCamera @ picamera.py:126][DEBUG] 2017-08-23 16:14:51,812: frame #80
[PiCamera @ picamera.py:126][DEBUG] 2017-08-23 16:14:51,991: frame #81
[Leona @ stream.py:580][DEBUG] 2017-08-23 16:14:52,032: <2017-08-23 16:14:52,031567, actuators, p1000200000, command>
[PiCamera @ picamera.py:126][DEBUG] 2017-08-23 16:14:52,205: frame #82
[PiCamera @ picamera.py:126][DEBUG] 2017-08-23 16:14:52,431: frame #83
[PiCamera @ picamera.py:126][DEBUG] 2017-08-23 16:14:52,641: frame #84
[PiCamera @ picamera.py:126][DEBUG] 2017-08-23 16:14:52,839: frame #85
[PiCamera @ picamera.py:126][DEBUG] 2017-08-23 16:14:53,070: frame #86
[PiCamera @ picamera.py:126][DEBUG] 2017-08-23 16:14:53,272: frame #87
[PiCamera @ picamera.py:126][DEBUG] 2017-08-23 16:14:53,504: frame #88
[PiCamera @ picamera.py:126][DEBUG] 2017-08-23 16:14:53,765: frame #89
[PiCamera @ picamera.py:126][DEBUG] 2017-08-23 16:14:53,975: frame #90
[PiCamera @ picamera.py:126][DEBUG] 2017-08-23 16:14:54,206: frame #91
[PiCamera @ picamera.py:126][DEBUG] 2017-08-23 16:14:54,398: frame #92
[PiCamera @ picamera.py:126][DEBUG] 2017-08-23 16:14:54,630: frame #93
[PiCamera @ picamera.py:126][DEBUG] 2017-08-23 16:14:54,809: frame #94
[PiCamera @ picamera.py:126][DEBUG] 2017-08-23 16:14:55,021: frame #95
[PiCamera @ picamera.py:126][DEBUG] 2017-08-23 16:14:55,231: frame #96
[PiCamera @ picamera.py:126][DEBUG] 2017-08-23 16:14:55,479: frame #97
[PiCamera @ picamera.py:126][DEBUG] 2017-08-23 16:14:55,655: frame #98
[PiCamera @ picamera.py:126][DEBUG] 2017-08-23 16:14:55,846: frame #99
[PiCamera @ picamera.py:126][DEBUG] 2017-08-23 16:14:56,018: frame #100
[PiCamera @ picamera.py:126][DEBUG] 2017-08-23 16:14:56,245: frame #101
[PiCamera @ picamera.py:126][DEBUG] 2017-08-23 16:14:56,439: frame #102
[PiCamera @ picamera.py:126][DEBUG] 2017-08-23 16:14:56,686: frame #103
[PiCamera @ picamera.py:126][DEBUG] 2017-08-23 16:14:56,930: frame #104
[PiCamera @ picamera.py:126][DEBUG] 2017-08-23 16:14:57,114: frame #105
[PiCamera @ picamera.py:126][DEBUG] 2017-08-23 16:14:57,304: frame #106
[PiCamera @ picamera.py:126][DEBUG] 2017-08-23 16:14:57,501: frame #107
[PiCamera @ picamera.py:126][DEBUG] 2017-08-23 16:14:57,765: frame #108
[PiCamera @ picamera.py:126][DEBUG] 2017-08-23 16:14:57,990: frame #109
[PiCamera @ picamera.py:126][DEBUG] 2017-08-23 16:14:58,204: frame #110
[PiCamera @ picamera.py:126][DEBUG] 2017-08-23 16:14:58,427: frame #111
[PiCamera @ picamera.py:126][DEBUG] 2017-08-23 16:14:58,621: frame #112
[PiCamera @ picamera.py:126][DEBUG] 2017-08-23 16:14:58,831: frame #113
[PiCamera @ picamera.py:126][DEBUG] 2017-08-23 16:14:59,155: frame #114
[PiCamera @ picamera.py:126][DEBUG] 2017-08-23 16:14:59,352: frame #115
[PiCamera @ picamera.py:126][DEBUG] 2017-08-23 16:14:59,485: frame #116
[PiCamera @ picamera.py:126][DEBUG] 2017-08-23 16:14:59,693: frame #117
[PiCamera @ picamera.py:126][DEBUG] 2017-08-23 16:14:59,948: frame #118
[PiCamera @ picamera.py:126][DEBUG] 2017-08-23 16:15:00,179: frame #119
[PiCamera @ picamera.py:126][DEBUG] 2017-08-23 16:15:00,395: frame #120
[PiCamera @ picamera.py:126][DEBUG] 2017-08-23 16:15:00,692: frame #121
[PiCamera @ picamera.py:126][DEBUG] 2017-08-23 16:15:00,910: frame #122
[PiCamera @ picamera.py:126][DEBUG] 2017-08-23 16:15:01,161: frame #123
[PiCamera @ picamera.py:126][DEBUG] 2017-08-23 16:15:01,377: frame #124
[PiCamera @ picamera.py:126][DEBUG] 2017-08-23 16:15:01,588: frame #125
[PiCamera @ picamera.py:126][DEBUG] 2017-08-23 16:15:01,790: frame #126
[PiCamera @ picamera.py:126][DEBUG] 2017-08-23 16:15:01,970: frame #127
[PiCamera @ picamera.py:126][DEBUG] 2017-08-23 16:15:02,201: frame #128
[PiCamera @ picamera.py:126][DEBUG] 2017-08-23 16:15:02,447: frame #129
[PiCamera @ picamera.py:126][DEBUG] 2017-08-23 16:15:02,695: frame #130
[PiCamera @ picamera.py:126][DEBUG] 2017-08-23 16:15:02,909: frame #131
[PiCamera @ picamera.py:126][DEBUG] 2017-08-23 16:15:03,088: frame #132
[PiCamera @ picamera.py:126][DEBUG] 2017-08-23 16:15:03,303: frame #133
[PiCamera @ picamera.py:126][DEBUG] 2017-08-23 16:15:03,546: frame #134
[PiCamera @ picamera.py:126][DEBUG] 2017-08-23 16:15:03,812: frame #135
[PiCamera @ picamera.py:126][DEBUG] 2017-08-23 16:15:03,988: frame #136
[PiCamera @ picamera.py:126][DEBUG] 2017-08-23 16:15:04,133: frame #137
[PiCamera @ picamera.py:126][DEBUG] 2017-08-23 16:15:04,324: frame #138
[PiCamera @ picamera.py:126][DEBUG] 2017-08-23 16:15:04,600: frame #139
[PiCamera @ picamera.py:126][DEBUG] 2017-08-23 16:15:04,922: frame #140
[PiCamera @ picamera.py:126][DEBUG] 2017-08-23 16:15:05,132: frame #141
[PiCamera @ picamera.py:126][DEBUG] 2017-08-23 16:15:05,333: frame #142
[PiCamera @ picamera.py:126][DEBUG] 2017-08-23 16:15:05,539: frame #143
[PiCamera @ picamera.py:126][DEBUG] 2017-08-23 16:15:05,774: frame #144
[PiCamera @ picamera.py:126][DEBUG] 2017-08-23 16:15:06,055: frame #145
[PiCamera @ picamera.py:126][DEBUG] 2017-08-23 16:15:06,249: frame #146
[PiCamera @ picamera.py:126][DEBUG] 2017-08-23 16:15:06,445: frame #147
[PiCamera @ picamera.py:126][DEBUG] 2017-08-23 16:15:06,597: frame #148
[PiCamera @ picamera.py:126][DEBUG] 2017-08-23 16:15:06,775: frame #149
[PiCamera @ picamera.py:126][DEBUG] 2017-08-23 16:15:07,023: frame #150
[PiCamera @ picamera.py:126][DEBUG] 2017-08-23 16:15:07,266: frame #151
[PiCamera @ picamera.py:126][DEBUG] 2017-08-23 16:15:07,509: frame #152
[PiCamera @ picamera.py:126][DEBUG] 2017-08-23 16:15:07,713: frame #153
[PiCamera @ picamera.py:126][DEBUG] 2017-08-23 16:15:07,903: frame #154
[PiCamera @ picamera.py:126][DEBUG] 2017-08-23 16:15:08,115: frame #155
[PiCamera @ picamera.py:126][DEBUG] 2017-08-23 16:15:08,358: frame #156
[PiCamera @ picamera.py:126][DEBUG] 2017-08-23 16:15:08,554: frame #157
[PiCamera @ picamera.py:126][DEBUG] 2017-08-23 16:15:08,820: frame #158
[PiCamera @ picamera.py:126][DEBUG] 2017-08-23 16:15:09,053: frame #159
[PiCamera @ picamera.py:126][DEBUG] 2017-08-23 16:15:09,290: frame #160
[PiCamera @ picamera.py:126][DEBUG] 2017-08-23 16:15:09,496: frame #161
[PiCamera @ picamera.py:126][DEBUG] 2017-08-23 16:15:09,689: frame #162
[PiCamera @ picamera.py:126][DEBUG] 2017-08-23 16:15:09,994: frame #163
[PiCamera @ picamera.py:126][DEBUG] 2017-08-23 16:15:10,182: frame #164
[PiCamera @ picamera.py:126][DEBUG] 2017-08-23 16:15:10,381: frame #165
[PiCamera @ picamera.py:126][DEBUG] 2017-08-23 16:15:10,584: frame #166
[PiCamera @ picamera.py:126][DEBUG] 2017-08-23 16:15:10,842: frame #167
[PiCamera @ picamera.py:126][DEBUG] 2017-08-23 16:15:11,015: frame #168
[PiCamera @ picamera.py:126][DEBUG] 2017-08-23 16:15:11,338: frame #169
[PiCamera @ picamera.py:126][DEBUG] 2017-08-23 16:15:11,545: frame #170
[PiCamera @ picamera.py:126][DEBUG] 2017-08-23 16:15:11,682: frame #171
[PiCamera @ picamera.py:126][DEBUG] 2017-08-23 16:15:11,878: frame #172
[PiCamera @ picamera.py:126][DEBUG] 2017-08-23 16:15:12,087: frame #173
[PiCamera @ picamera.py:126][DEBUG] 2017-08-23 16:15:12,268: frame #174
[PiCamera @ picamera.py:126][DEBUG] 2017-08-23 16:15:12,483: frame #175
[PiCamera @ picamera.py:126][DEBUG] 2017-08-23 16:15:12,695: frame #176
[PiCamera @ picamera.py:126][DEBUG] 2017-08-23 16:15:12,931: frame #177
[PiCamera @ picamera.py:126][DEBUG] 2017-08-23 16:15:13,158: frame #178
[PiCamera @ picamera.py:126][DEBUG] 2017-08-23 16:15:13,357: frame #179
[PiCamera @ picamera.py:126][DEBUG] 2017-08-23 16:15:13,659: frame #180
[PiCamera @ picamera.py:126][DEBUG] 2017-08-23 16:15:13,840: frame #181
[PiCamera @ picamera.py:126][DEBUG] 2017-08-23 16:15:14,067: frame #182
[PiCamera @ picamera.py:126][DEBUG] 2017-08-23 16:15:14,258: frame #183
[PiCamera @ picamera.py:126][DEBUG] 2017-08-23 16:15:14,586: frame #184
[PiCamera @ picamera.py:126][DEBUG] 2017-08-23 16:15:14,817: frame #185
[PiCamera @ picamera.py:126][DEBUG] 2017-08-23 16:15:15,070: frame #186
[PiCamera @ picamera.py:126][DEBUG] 2017-08-23 16:15:15,331: frame #187
[PiCamera @ picamera.py:126][DEBUG] 2017-08-23 16:15:15,606: frame #188
[PiCamera @ picamera.py:126][DEBUG] 2017-08-23 16:15:15,826: frame #189
[PiCamera @ picamera.py:126][DEBUG] 2017-08-23 16:15:16,068: frame #190
[PiCamera @ picamera.py:126][DEBUG] 2017-08-23 16:15:16,365: frame #191
[PiCamera @ picamera.py:126][DEBUG] 2017-08-23 16:15:16,563: frame #192
[PiCamera @ picamera.py:126][DEBUG] 2017-08-23 16:15:16,843: frame #193
[PiCamera @ picamera.py:126][DEBUG] 2017-08-23 16:15:17,027: frame #194
[PiCamera @ picamera.py:126][DEBUG] 2017-08-23 16:15:17,228: frame #195
[PiCamera @ picamera.py:126][DEBUG] 2017-08-23 16:15:17,507: frame #196
[PiCamera @ picamera.py:126][DEBUG] 2017-08-23 16:15:17,774: frame #197
[PiCamera @ picamera.py:126][DEBUG] 2017-08-23 16:15:17,980: frame #198
[PiCamera @ picamera.py:126][DEBUG] 2017-08-23 16:15:18,217: frame #199
[PiCamera @ picamera.py:126][DEBUG] 2017-08-23 16:15:18,405: frame #200
[PiCamera @ picamera.py:126][DEBUG] 2017-08-23 16:15:18,541: frame #201
[PiCamera @ picamera.py:126][DEBUG] 2017-08-23 16:15:18,682: frame #202
[PiCamera @ picamera.py:126][DEBUG] 2017-08-23 16:15:18,905: frame #203
[PiCamera @ picamera.py:126][DEBUG] 2017-08-23 16:15:19,093: frame #204
[PiCamera @ picamera.py:126][DEBUG] 2017-08-23 16:15:19,277: frame #205
[PiCamera @ picamera.py:126][DEBUG] 2017-08-23 16:15:19,590: frame #206
[PiCamera @ picamera.py:126][DEBUG] 2017-08-23 16:15:19,811: frame #207
[PiCamera @ picamera.py:126][DEBUG] 2017-08-23 16:15:20,012: frame #208
[PiCamera @ picamera.py:126][DEBUG] 2017-08-23 16:15:20,199: frame #209
[PiCamera @ picamera.py:126][DEBUG] 2017-08-23 16:15:20,474: frame #210
[PiCamera @ picamera.py:126][DEBUG] 2017-08-23 16:15:20,633: frame #211
[PiCamera @ picamera.py:126][DEBUG] 2017-08-23 16:15:20,794: frame #212
[PiCamera @ picamera.py:126][DEBUG] 2017-08-23 16:15:21,034: frame #213
[PiCamera @ picamera.py:126][DEBUG] 2017-08-23 16:15:21,253: frame #214
[PiCamera @ picamera.py:126][DEBUG] 2017-08-23 16:15:21,557: frame #215
[PiCamera @ picamera.py:126][DEBUG] 2017-08-23 16:15:21,738: frame #216
[PiCamera @ picamera.py:126][DEBUG] 2017-08-23 16:15:21,984: frame #217
[PiCamera @ picamera.py:126][DEBUG] 2017-08-23 16:15:22,232: frame #218
[PiCamera @ picamera.py:126][DEBUG] 2017-08-23 16:15:22,494: frame #219
[PiCamera @ picamera.py:126][DEBUG] 2017-08-23 16:15:22,714: frame #220
[PiCamera @ picamera.py:126][DEBUG] 2017-08-23 16:15:22,879: frame #221
[PiCamera @ picamera.py:126][DEBUG] 2017-08-23 16:15:23,056: frame #222
[PiCamera @ picamera.py:126][DEBUG] 2017-08-23 16:15:23,305: frame #223
[PiCamera @ picamera.py:126][DEBUG] 2017-08-23 16:15:23,493: frame #224
[PiCamera @ picamera.py:126][DEBUG] 2017-08-23 16:15:23,710: frame #225
[PiCamera @ picamera.py:126][DEBUG] 2017-08-23 16:15:23,963: frame #226
[PiCamera @ picamera.py:126][DEBUG] 2017-08-23 16:15:24,153: frame #227
[PiCamera @ picamera.py:126][DEBUG] 2017-08-23 16:15:24,344: frame #228
[PiCamera @ picamera.py:126][DEBUG] 2017-08-23 16:15:24,523: frame #229
[PiCamera @ picamera.py:126][DEBUG] 2017-08-23 16:15:24,698: frame #230
[PiCamera @ picamera.py:126][DEBUG] 2017-08-23 16:15:24,801: frame #231
[PiCamera @ picamera.py:126][DEBUG] 2017-08-23 16:15:25,042: frame #232
[PiCamera @ picamera.py:126][DEBUG] 2017-08-23 16:15:25,236: frame #233
[PiCamera @ picamera.py:126][DEBUG] 2017-08-23 16:15:25,456: frame #234
[PiCamera @ picamera.py:126][DEBUG] 2017-08-23 16:15:25,696: frame #235
[PiCamera @ picamera.py:126][DEBUG] 2017-08-23 16:15:25,901: frame #236
[PiCamera @ picamera.py:126][DEBUG] 2017-08-23 16:15:26,086: frame #237
[PiCamera @ picamera.py:126][DEBUG] 2017-08-23 16:15:26,268: frame #238
[PiCamera @ picamera.py:126][DEBUG] 2017-08-23 16:15:26,425: frame #239
[PiCamera @ picamera.py:126][DEBUG] 2017-08-23 16:15:26,644: frame #240
[PiCamera @ picamera.py:126][DEBUG] 2017-08-23 16:15:26,896: frame #241
[PiCamera @ picamera.py:126][DEBUG] 2017-08-23 16:15:27,085: frame #242
[PiCamera @ picamera.py:126][DEBUG] 2017-08-23 16:15:27,288: frame #243
[PiCamera @ picamera.py:126][DEBUG] 2017-08-23 16:15:27,496: frame #244
[PiCamera @ picamera.py:126][DEBUG] 2017-08-23 16:15:27,739: frame #245
[PiCamera @ picamera.py:126][DEBUG] 2017-08-23 16:15:27,946: frame #246
[PiCamera @ picamera.py:126][DEBUG] 2017-08-23 16:15:28,116: frame #247
[PiCamera @ picamera.py:126][DEBUG] 2017-08-23 16:15:28,351: frame #248
[PiCamera @ picamera.py:126][DEBUG] 2017-08-23 16:15:28,558: frame #249
[PiCamera @ picamera.py:126][DEBUG] 2017-08-23 16:15:28,746: frame #250
[PiCamera @ picamera.py:126][DEBUG] 2017-08-23 16:15:29,019: frame #251
[PiCamera @ picamera.py:126][DEBUG] 2017-08-23 16:15:29,295: frame #252
[PiCamera @ picamera.py:126][DEBUG] 2017-08-23 16:15:29,467: frame #253
[PiCamera @ picamera.py:126][DEBUG] 2017-08-23 16:15:29,648: frame #254
[PiCamera @ picamera.py:126][DEBUG] 2017-08-23 16:15:29,817: frame #255
[PiCamera @ picamera.py:126][DEBUG] 2017-08-23 16:15:30,050: frame #256
[PiCamera @ picamera.py:126][DEBUG] 2017-08-23 16:15:30,239: frame #257
[PiCamera @ picamera.py:126][DEBUG] 2017-08-23 16:15:30,426: frame #258
[PiCamera @ picamera.py:126][DEBUG] 2017-08-23 16:15:30,710: frame #259
[PiCamera @ picamera.py:126][DEBUG] 2017-08-23 16:15:30,963: frame #260
[PiCamera @ picamera.py:126][DEBUG] 2017-08-23 16:15:31,218: frame #261
[PiCamera @ picamera.py:126][DEBUG] 2017-08-23 16:15:31,458: frame #262
[PiCamera @ picamera.py:126][DEBUG] 2017-08-23 16:15:31,734: frame #263
[PiCamera @ picamera.py:126][DEBUG] 2017-08-23 16:15:32,048: frame #264
[PiCamera @ picamera.py:126][DEBUG] 2017-08-23 16:15:32,306: frame #265
[PiCamera @ picamera.py:126][DEBUG] 2017-08-23 16:15:32,500: frame #266
[PiCamera @ picamera.py:126][DEBUG] 2017-08-23 16:15:32,700: frame #267
[PiCamera @ picamera.py:126][DEBUG] 2017-08-23 16:15:32,881: frame #268
[PiCamera @ picamera.py:126][DEBUG] 2017-08-23 16:15:33,089: frame #269
[PiCamera @ picamera.py:126][DEBUG] 2017-08-23 16:15:33,307: frame #270
[Leona @ stream.py:580][DEBUG] 2017-08-23 16:15:33,427: <2017-08-23 16:15:33,427192, actuators, p1000200000, command>
[PiCamera @ picamera.py:126][DEBUG] 2017-08-23 16:15:33,574: frame #271
[PiCamera @ picamera.py:126][DEBUG] 2017-08-23 16:15:33,809: frame #272
[PiCamera @ picamera.py:126][DEBUG] 2017-08-23 16:15:33,987: frame #273
[PiCamera @ picamera.py:126][DEBUG] 2017-08-23 16:15:34,193: frame #274
[PiCamera @ picamera.py:126][DEBUG] 2017-08-23 16:15:34,316: frame #275
[PiCamera @ picamera.py:126][DEBUG] 2017-08-23 16:15:34,502: frame #276
[PiCamera @ picamera.py:126][DEBUG] 2017-08-23 16:15:34,750: frame #277
[PiCamera @ picamera.py:126][DEBUG] 2017-08-23 16:15:34,978: frame #278
[PiCamera @ picamera.py:126][DEBUG] 2017-08-23 16:15:35,176: frame #279
[PiCamera @ picamera.py:126][DEBUG] 2017-08-23 16:15:35,415: frame #280
[PiCamera @ picamera.py:126][DEBUG] 2017-08-23 16:15:35,598: frame #281
[PiCamera @ picamera.py:126][DEBUG] 2017-08-23 16:15:35,722: frame #282
[PiCamera @ picamera.py:126][DEBUG] 2017-08-23 16:15:35,847: frame #283
[PiCamera @ picamera.py:126][DEBUG] 2017-08-23 16:15:36,107: frame #284
[PiCamera @ picamera.py:126][DEBUG] 2017-08-23 16:15:36,300: frame #285
[PiCamera @ picamera.py:126][DEBUG] 2017-08-23 16:15:36,558: frame #286
[PiCamera @ picamera.py:126][DEBUG] 2017-08-23 16:15:36,743: frame #287
[PiCamera @ picamera.py:126][DEBUG] 2017-08-23 16:15:36,998: frame #288
[PiCamera @ picamera.py:126][DEBUG] 2017-08-23 16:15:37,218: frame #289
[PiCamera @ picamera.py:126][DEBUG] 2017-08-23 16:15:37,466: frame #290
[PiCamera @ picamera.py:126][DEBUG] 2017-08-23 16:15:37,668: frame #291
[PiCamera @ picamera.py:126][DEBUG] 2017-08-23 16:15:37,873: frame #292
[PiCamera @ picamera.py:126][DEBUG] 2017-08-23 16:15:38,073: frame #293
[PiCamera @ picamera.py:126][DEBUG] 2017-08-23 16:15:38,269: frame #294
[PiCamera @ picamera.py:126][DEBUG] 2017-08-23 16:15:38,509: frame #295
[PiCamera @ picamera.py:126][DEBUG] 2017-08-23 16:15:38,702: frame #296
[PiCamera @ picamera.py:126][DEBUG] 2017-08-23 16:15:38,905: frame #297
[PiCamera @ picamera.py:126][DEBUG] 2017-08-23 16:15:39,121: frame #298
[PiCamera @ picamera.py:126][DEBUG] 2017-08-23 16:15:39,294: frame #299
[PiCamera @ picamera.py:126][DEBUG] 2017-08-23 16:15:39,539: frame #300
[PiCamera @ picamera.py:126][DEBUG] 2017-08-23 16:15:39,795: frame #301
[PiCamera @ picamera.py:126][DEBUG] 2017-08-23 16:15:39,960: frame #302
[PiCamera @ picamera.py:126][DEBUG] 2017-08-23 16:15:40,134: frame #303
[PiCamera @ picamera.py:126][DEBUG] 2017-08-23 16:15:40,304: frame #304
[PiCamera @ picamera.py:126][DEBUG] 2017-08-23 16:15:40,489: frame #305
[PiCamera @ picamera.py:126][DEBUG] 2017-08-23 16:15:40,676: frame #306
[PiCamera @ picamera.py:126][DEBUG] 2017-08-23 16:15:40,911: frame #307
[PiCamera @ picamera.py:126][DEBUG] 2017-08-23 16:15:41,101: frame #308
[PiCamera @ picamera.py:126][DEBUG] 2017-08-23 16:15:41,317: frame #309
[PiCamera @ picamera.py:126][DEBUG] 2017-08-23 16:15:41,545: frame #310
[PiCamera @ picamera.py:126][DEBUG] 2017-08-23 16:15:41,743: frame #311
[PiCamera @ picamera.py:126][DEBUG] 2017-08-23 16:15:41,886: frame #312
[PiCamera @ picamera.py:126][DEBUG] 2017-08-23 16:15:42,046: frame #313
[PiCamera @ picamera.py:126][DEBUG] 2017-08-23 16:15:42,288: frame #314
[PiCamera @ picamera.py:126][DEBUG] 2017-08-23 16:15:42,445: frame #315
[PiCamera @ picamera.py:126][DEBUG] 2017-08-23 16:15:42,684: frame #316
[PiCamera @ picamera.py:126][DEBUG] 2017-08-23 16:15:42,877: frame #317
[PiCamera @ picamera.py:126][DEBUG] 2017-08-23 16:15:43,013: frame #318
[PiCamera @ picamera.py:126][DEBUG] 2017-08-23 16:15:43,191: frame #319
[PiCamera @ picamera.py:126][DEBUG] 2017-08-23 16:15:43,352: frame #320
[PiCamera @ picamera.py:126][DEBUG] 2017-08-23 16:15:43,498: frame #321
[PiCamera @ picamera.py:126][DEBUG] 2017-08-23 16:15:43,743: frame #322
[PiCamera @ picamera.py:126][DEBUG] 2017-08-23 16:15:43,948: frame #323
[PiCamera @ picamera.py:126][DEBUG] 2017-08-23 16:15:44,109: frame #324
[PiCamera @ picamera.py:126][DEBUG] 2017-08-23 16:15:44,315: frame #325
[PiCamera @ picamera.py:126][DEBUG] 2017-08-23 16:15:44,564: frame #326
[PiCamera @ picamera.py:126][DEBUG] 2017-08-23 16:15:44,739: frame #327
[PiCamera @ picamera.py:126][DEBUG] 2017-08-23 16:15:44,980: frame #328
[PiCamera @ picamera.py:126][DEBUG] 2017-08-23 16:15:45,134: frame #329
[PiCamera @ picamera.py:126][DEBUG] 2017-08-23 16:15:45,319: frame #330
[PiCamera @ picamera.py:126][DEBUG] 2017-08-23 16:15:45,512: frame #331
[PiCamera @ picamera.py:126][DEBUG] 2017-08-23 16:15:45,763: frame #332
[PiCamera @ picamera.py:126][DEBUG] 2017-08-23 16:15:46,032: frame #333
[PiCamera @ picamera.py:126][DEBUG] 2017-08-23 16:15:46,327: frame #334
[PiCamera @ picamera.py:126][DEBUG] 2017-08-23 16:15:46,578: frame #335
[PiCamera @ picamera.py:126][DEBUG] 2017-08-23 16:15:46,829: frame #336
[PiCamera @ picamera.py:126][DEBUG] 2017-08-23 16:15:47,225: frame #337
[PiCamera @ picamera.py:126][DEBUG] 2017-08-23 16:15:47,438: frame #338
[PiCamera @ picamera.py:126][DEBUG] 2017-08-23 16:15:47,675: frame #339
[PiCamera @ picamera.py:126][DEBUG] 2017-08-23 16:15:47,890: frame #340
[PiCamera @ picamera.py:126][DEBUG] 2017-08-23 16:15:48,143: frame #341
[PiCamera @ picamera.py:126][DEBUG] 2017-08-23 16:15:48,333: frame #342
[PiCamera @ picamera.py:126][DEBUG] 2017-08-23 16:15:48,548: frame #343
[PiCamera @ picamera.py:126][DEBUG] 2017-08-23 16:15:48,794: frame #344
[PiCamera @ picamera.py:126][DEBUG] 2017-08-23 16:15:48,990: frame #345
[PiCamera @ picamera.py:126][DEBUG] 2017-08-23 16:15:49,237: frame #346
[PiCamera @ picamera.py:126][DEBUG] 2017-08-23 16:15:49,423: frame #347
[PiCamera @ picamera.py:126][DEBUG] 2017-08-23 16:15:49,643: frame #348
[PiCamera @ picamera.py:126][DEBUG] 2017-08-23 16:15:49,843: frame #349
[PiCamera @ picamera.py:126][DEBUG] 2017-08-23 16:15:50,036: frame #350
[PiCamera @ picamera.py:126][DEBUG] 2017-08-23 16:15:50,258: frame #351
[PiCamera @ picamera.py:126][DEBUG] 2017-08-23 16:15:50,492: frame #352
[PiCamera @ picamera.py:126][DEBUG] 2017-08-23 16:15:50,676: frame #353
[PiCamera @ picamera.py:126][DEBUG] 2017-08-23 16:15:50,934: frame #354
[PiCamera @ picamera.py:126][DEBUG] 2017-08-23 16:15:51,146: frame #355
[PiCamera @ picamera.py:126][DEBUG] 2017-08-23 16:15:51,308: frame #356
[PiCamera @ picamera.py:126][DEBUG] 2017-08-23 16:15:51,557: frame #357
[PiCamera @ picamera.py:126][DEBUG] 2017-08-23 16:15:51,783: frame #358
[PiCamera @ picamera.py:126][DEBUG] 2017-08-23 16:15:52,062: frame #359
[PiCamera @ picamera.py:126][DEBUG] 2017-08-23 16:15:52,352: frame #360
[PiCamera @ picamera.py:126][DEBUG] 2017-08-23 16:15:52,543: frame #361
[PiCamera @ picamera.py:126][DEBUG] 2017-08-23 16:15:52,717: frame #362
[PiCamera @ picamera.py:126][DEBUG] 2017-08-23 16:15:53,024: frame #363
[PiCamera @ picamera.py:126][DEBUG] 2017-08-23 16:15:53,459: frame #364
[PiCamera @ picamera.py:126][DEBUG] 2017-08-23 16:15:53,745: frame #365
[PiCamera @ picamera.py:126][DEBUG] 2017-08-23 16:15:53,982: frame #366
[PiCamera @ picamera.py:126][DEBUG] 2017-08-23 16:15:54,260: frame #367
[PiCamera @ picamera.py:126][DEBUG] 2017-08-23 16:15:54,532: frame #368
