[Robot @ robot.py:101][DEBUG] 2017-08-24 17:38:17,164: Logging to: logs/2017_Aug_24/17;38;17.log
[Robot @ robot.py:58][DEBUG] 2017-08-24 17:38:17,165: logger initialized: file_name: 17;38;17.log, directory: logs/2017_Aug_24, write: True, log_level: 30
[Leona @ datastream.py:130][DEBUG] 2017-08-24 17:38:17,192: 'Leona' receiving feed from 'LeonaPipeline' requesting 'results' service
[CMDline @ datastream.py:130][DEBUG] 2017-08-24 17:38:17,193: 'CMDline' subscribing to 'Leona' 
[CMDline @ datastream.py:130][DEBUG] 2017-08-24 17:38:17,193: 'CMDline' subscribing to 'PiCamera' 
[LeonaPipeline @ datastream.py:130][DEBUG] 2017-08-24 17:38:17,194: 'LeonaPipeline' receiving updates from 'PiCamera' 
[Robot @ robot.py:117][DEBUG] 2017-08-24 17:38:17,195: Active streams: [PiCamera(), Leona(), LeonaPipeline(), CMDline()]
[Robot @ robot.py:255][DEBUG] 2017-08-24 17:38:17,197: Asynchronous streams: [Leona(), CMDline()]
[Robot @ robot.py:256][DEBUG] 2017-08-24 17:38:17,197: Threaded streams: [PiCamera(), LeonaPipeline()]
[Robot @ robot.py:257][DEBUG] 2017-08-24 17:38:17,198: Static streams: []
[Robot @ robot.py:152][DEBUG] 2017-08-24 17:38:17,198: Applying subscriptions
[PiCamera @ datastream.py:214][DEBUG] 2017-08-24 17:38:17,199: Checking subscriptions
[PiCamera @ datastream.py:432][DEBUG] 2017-08-24 17:38:17,200: applying subscriptions: {}
[Leona @ datastream.py:214][DEBUG] 2017-08-24 17:38:17,200: Checking subscriptions
[Leona @ datastream.py:432][DEBUG] 2017-08-24 17:38:17,201: applying subscriptions: {'pipeline': Feed(tag='pipeline', producer_stream=LeonaPipeline, consumer_stream=Leona)}
[LeonaPipeline @ datastream.py:214][DEBUG] 2017-08-24 17:38:17,202: Checking subscriptions
[LeonaPipeline @ datastream.py:432][DEBUG] 2017-08-24 17:38:17,202: applying subscriptions: {'capture': Update(tag='capture', producer_stream=PiCamera, consumer_stream=LeonaPipeline)}
[CMDline @ datastream.py:214][DEBUG] 2017-08-24 17:38:17,203: Checking subscriptions
[CMDline @ datastream.py:432][DEBUG] 2017-08-24 17:38:17,203: applying subscriptions: {'leona': Subscription(tag='leona', producer_stream=Leona, consumer_stream=CMDline), 'capture': Subscription(tag='capture', producer_stream=PiCamera, consumer_stream=CMDline)}
[Robot @ robot.py:157][DEBUG] 2017-08-24 17:38:17,204: Starting streams, threads have started
[Robot @ robot.py:159][DEBUG] 2017-08-24 17:38:17,205: Calling PiCamera's start
[PiCamera @ datastream.py:442][DEBUG] 2017-08-24 17:38:17,205: starting
[PiCamera @ datastream.py:457][DEBUG] 2017-08-24 17:38:17,923: calling run
[Robot @ robot.py:159][DEBUG] 2017-08-24 17:38:17,924: Calling Leona's start
[Leona @ datastream.py:442][DEBUG] 2017-08-24 17:38:17,925: starting
[Leona @ stream.py:319][DEBUG] 2017-08-24 17:38:18,016: Discovered ports: [SerialPort(port_address=/dev/ttyACM0)]
[PiCamera @ picamera.py:126][DEBUG] 2017-08-24 17:38:20,013: frame #0
[PiCamera @ picamera.py:126][DEBUG] 2017-08-24 17:38:20,130: frame #1
[Leona @ stream.py:357][DEBUG] 2017-08-24 17:38:20,240: [/dev/ttyACM0] has ID 'actuators'
[Leona @ stream.py:580][DEBUG] 2017-08-24 17:38:20,242: <-, actuators, 10	1, object>
[Leona @ stream.py:272][DEBUG] 2017-08-24 17:38:20,242: First packets sent
[Robot @ robot.py:159][DEBUG] 2017-08-24 17:38:20,273: Calling LeonaPipeline's start
[LeonaPipeline @ datastream.py:442][DEBUG] 2017-08-24 17:38:20,279: starting
[PiCamera @ picamera.py:126][DEBUG] 2017-08-24 17:38:20,327: frame #2
[PiCamera @ picamera.py:126][DEBUG] 2017-08-24 17:38:20,454: frame #3
[PiCamera @ picamera.py:126][DEBUG] 2017-08-24 17:38:20,582: frame #4
[LeonaPipeline @ datastream.py:457][DEBUG] 2017-08-24 17:38:20,642: calling run
[Robot @ robot.py:159][DEBUG] 2017-08-24 17:38:20,660: Calling CMDline's start
[CMDline @ datastream.py:442][DEBUG] 2017-08-24 17:38:20,666: starting
[Robot @ robot.py:163][DEBUG] 2017-08-24 17:38:20,680: Calling setup_fn
[Robot @ robot.py:128][DEBUG] 2017-08-24 17:38:20,688: Starting coroutine
[PiCamera @ picamera.py:126][DEBUG] 2017-08-24 17:38:20,731: frame #5
[Leona @ stream.py:580][DEBUG] 2017-08-24 17:38:20,733: <2017-08-24 17:38:20,732473, actuators, h, command>
[PiCamera @ picamera.py:126][DEBUG] 2017-08-24 17:38:20,886: frame #6
[PiCamera @ picamera.py:126][DEBUG] 2017-08-24 17:38:20,978: frame #7
[PiCamera @ picamera.py:126][DEBUG] 2017-08-24 17:38:21,077: frame #8
[PiCamera @ picamera.py:126][DEBUG] 2017-08-24 17:38:21,134: frame #9
[PiCamera @ picamera.py:126][DEBUG] 2017-08-24 17:38:21,206: frame #10
[PiCamera @ picamera.py:126][DEBUG] 2017-08-24 17:38:21,338: frame #11
[PiCamera @ picamera.py:126][DEBUG] 2017-08-24 17:38:21,431: frame #12
[PiCamera @ picamera.py:126][DEBUG] 2017-08-24 17:38:21,535: frame #13
[PiCamera @ picamera.py:126][DEBUG] 2017-08-24 17:38:21,648: frame #14
[PiCamera @ picamera.py:126][DEBUG] 2017-08-24 17:38:21,769: frame #15
[PiCamera @ picamera.py:126][DEBUG] 2017-08-24 17:38:21,878: frame #16
[PiCamera @ picamera.py:126][DEBUG] 2017-08-24 17:38:21,941: frame #17
[PiCamera @ picamera.py:126][DEBUG] 2017-08-24 17:38:22,056: frame #18
[PiCamera @ picamera.py:126][DEBUG] 2017-08-24 17:38:22,146: frame #19
[PiCamera @ picamera.py:126][DEBUG] 2017-08-24 17:38:22,284: frame #20
[PiCamera @ picamera.py:126][DEBUG] 2017-08-24 17:38:22,386: frame #21
[PiCamera @ picamera.py:126][DEBUG] 2017-08-24 17:38:22,438: frame #22
[PiCamera @ picamera.py:126][DEBUG] 2017-08-24 17:38:22,518: frame #23
[PiCamera @ picamera.py:126][DEBUG] 2017-08-24 17:38:22,615: frame #24
[PiCamera @ picamera.py:126][DEBUG] 2017-08-24 17:38:22,721: frame #25
[PiCamera @ picamera.py:126][DEBUG] 2017-08-24 17:38:22,769: frame #26
[PiCamera @ picamera.py:126][DEBUG] 2017-08-24 17:38:22,891: frame #27
[PiCamera @ picamera.py:126][DEBUG] 2017-08-24 17:38:23,008: frame #28
[PiCamera @ picamera.py:126][DEBUG] 2017-08-24 17:38:23,057: frame #29
[PiCamera @ picamera.py:126][DEBUG] 2017-08-24 17:38:23,185: frame #30
[PiCamera @ picamera.py:126][DEBUG] 2017-08-24 17:38:23,285: frame #31
[PiCamera @ picamera.py:126][DEBUG] 2017-08-24 17:38:23,392: frame #32
[PiCamera @ picamera.py:126][DEBUG] 2017-08-24 17:38:23,486: frame #33
[PiCamera @ picamera.py:126][DEBUG] 2017-08-24 17:38:23,577: frame #34
[PiCamera @ picamera.py:126][DEBUG] 2017-08-24 17:38:23,611: frame #35
[PiCamera @ picamera.py:126][DEBUG] 2017-08-24 17:38:23,723: frame #36
[PiCamera @ picamera.py:126][DEBUG] 2017-08-24 17:38:23,799: frame #37
[PiCamera @ picamera.py:126][DEBUG] 2017-08-24 17:38:23,895: frame #38
[PiCamera @ picamera.py:126][DEBUG] 2017-08-24 17:38:24,033: frame #39
[PiCamera @ picamera.py:126][DEBUG] 2017-08-24 17:38:24,115: frame #40
[PiCamera @ picamera.py:126][DEBUG] 2017-08-24 17:38:24,367: frame #41
[PiCamera @ picamera.py:126][DEBUG] 2017-08-24 17:38:24,513: frame #42
[PiCamera @ picamera.py:126][DEBUG] 2017-08-24 17:38:24,825: frame #43
[PiCamera @ picamera.py:126][DEBUG] 2017-08-24 17:38:24,962: frame #44
[PiCamera @ picamera.py:126][DEBUG] 2017-08-24 17:38:25,066: frame #45
[PiCamera @ picamera.py:126][DEBUG] 2017-08-24 17:38:25,219: frame #46
[PiCamera @ picamera.py:126][DEBUG] 2017-08-24 17:38:25,317: frame #47
[PiCamera @ picamera.py:126][DEBUG] 2017-08-24 17:38:25,413: frame #48
[PiCamera @ picamera.py:126][DEBUG] 2017-08-24 17:38:25,452: frame #49
[PiCamera @ picamera.py:126][DEBUG] 2017-08-24 17:38:25,499: frame #50
[PiCamera @ picamera.py:126][DEBUG] 2017-08-24 17:38:25,632: frame #51
[PiCamera @ picamera.py:126][DEBUG] 2017-08-24 17:38:25,694: frame #52
[PiCamera @ picamera.py:126][DEBUG] 2017-08-24 17:38:25,771: frame #53
[PiCamera @ picamera.py:126][DEBUG] 2017-08-24 17:38:25,899: frame #54
[PiCamera @ picamera.py:126][DEBUG] 2017-08-24 17:38:25,989: frame #55
[PiCamera @ picamera.py:126][DEBUG] 2017-08-24 17:38:26,144: frame #56
[PiCamera @ picamera.py:126][DEBUG] 2017-08-24 17:38:26,313: frame #57
[PiCamera @ picamera.py:126][DEBUG] 2017-08-24 17:38:26,523: frame #58
[PiCamera @ picamera.py:126][DEBUG] 2017-08-24 17:38:26,646: frame #59
[PiCamera @ picamera.py:126][DEBUG] 2017-08-24 17:38:26,745: frame #60
[PiCamera @ picamera.py:126][DEBUG] 2017-08-24 17:38:26,875: frame #61
[PiCamera @ picamera.py:126][DEBUG] 2017-08-24 17:38:27,035: frame #62
[PiCamera @ picamera.py:126][DEBUG] 2017-08-24 17:38:27,124: frame #63
[PiCamera @ picamera.py:126][DEBUG] 2017-08-24 17:38:27,223: frame #64
[PiCamera @ picamera.py:126][DEBUG] 2017-08-24 17:38:27,314: frame #65
[PiCamera @ picamera.py:126][DEBUG] 2017-08-24 17:38:27,400: frame #66
[PiCamera @ picamera.py:126][DEBUG] 2017-08-24 17:38:27,503: frame #67
[PiCamera @ picamera.py:126][DEBUG] 2017-08-24 17:38:27,548: frame #68
[PiCamera @ picamera.py:126][DEBUG] 2017-08-24 17:38:27,669: frame #69
[PiCamera @ picamera.py:126][DEBUG] 2017-08-24 17:38:27,769: frame #70
[PiCamera @ picamera.py:126][DEBUG] 2017-08-24 17:38:27,892: frame #71
[PiCamera @ picamera.py:126][DEBUG] 2017-08-24 17:38:27,985: frame #72
[PiCamera @ picamera.py:126][DEBUG] 2017-08-24 17:38:28,081: frame #73
[PiCamera @ picamera.py:126][DEBUG] 2017-08-24 17:38:28,178: frame #74
[PiCamera @ picamera.py:126][DEBUG] 2017-08-24 17:38:28,267: frame #75
[PiCamera @ picamera.py:126][DEBUG] 2017-08-24 17:38:28,361: frame #76
[PiCamera @ picamera.py:126][DEBUG] 2017-08-24 17:38:28,465: frame #77
[PiCamera @ picamera.py:126][DEBUG] 2017-08-24 17:38:28,514: frame #78
[PiCamera @ picamera.py:126][DEBUG] 2017-08-24 17:38:28,558: frame #79
[PiCamera @ picamera.py:126][DEBUG] 2017-08-24 17:38:28,643: frame #80
[PiCamera @ picamera.py:126][DEBUG] 2017-08-24 17:38:28,737: frame #81
[PiCamera @ picamera.py:126][DEBUG] 2017-08-24 17:38:28,845: frame #82
[PiCamera @ picamera.py:126][DEBUG] 2017-08-24 17:38:28,909: frame #83
[PiCamera @ picamera.py:126][DEBUG] 2017-08-24 17:38:29,006: frame #84
[PiCamera @ picamera.py:126][DEBUG] 2017-08-24 17:38:29,057: frame #85
[PiCamera @ picamera.py:126][DEBUG] 2017-08-24 17:38:29,142: frame #86
[PiCamera @ picamera.py:126][DEBUG] 2017-08-24 17:38:29,252: frame #87
[PiCamera @ picamera.py:126][DEBUG] 2017-08-24 17:38:29,336: frame #88
[PiCamera @ picamera.py:126][DEBUG] 2017-08-24 17:38:29,444: frame #89
[PiCamera @ picamera.py:126][DEBUG] 2017-08-24 17:38:29,634: frame #90
[PiCamera @ picamera.py:126][DEBUG] 2017-08-24 17:38:29,685: frame #91
[PiCamera @ picamera.py:126][DEBUG] 2017-08-24 17:38:29,836: frame #92
[PiCamera @ picamera.py:126][DEBUG] 2017-08-24 17:38:30,015: frame #93
[PiCamera @ picamera.py:126][DEBUG] 2017-08-24 17:38:30,232: frame #94
[PiCamera @ picamera.py:126][DEBUG] 2017-08-24 17:38:30,329: frame #95
[PiCamera @ picamera.py:126][DEBUG] 2017-08-24 17:38:30,440: frame #96
[PiCamera @ picamera.py:126][DEBUG] 2017-08-24 17:38:30,543: frame #97
[PiCamera @ picamera.py:126][DEBUG] 2017-08-24 17:38:30,662: frame #98
[PiCamera @ picamera.py:126][DEBUG] 2017-08-24 17:38:30,701: frame #99
[PiCamera @ picamera.py:126][DEBUG] 2017-08-24 17:38:30,743: frame #100
[PiCamera @ picamera.py:126][DEBUG] 2017-08-24 17:38:30,829: frame #101
[PiCamera @ picamera.py:126][DEBUG] 2017-08-24 17:38:30,925: frame #102
[PiCamera @ picamera.py:126][DEBUG] 2017-08-24 17:38:31,045: frame #103
[PiCamera @ picamera.py:126][DEBUG] 2017-08-24 17:38:31,103: frame #104
[PiCamera @ picamera.py:126][DEBUG] 2017-08-24 17:38:31,212: frame #105
[PiCamera @ picamera.py:126][DEBUG] 2017-08-24 17:38:31,422: frame #106
[PiCamera @ picamera.py:126][DEBUG] 2017-08-24 17:38:31,534: frame #107
[PiCamera @ picamera.py:126][DEBUG] 2017-08-24 17:38:31,633: frame #108
[PiCamera @ picamera.py:126][DEBUG] 2017-08-24 17:38:31,686: frame #109
[PiCamera @ picamera.py:126][DEBUG] 2017-08-24 17:38:31,818: frame #110
[PiCamera @ picamera.py:126][DEBUG] 2017-08-24 17:38:31,892: frame #111
[PiCamera @ picamera.py:126][DEBUG] 2017-08-24 17:38:31,988: frame #112
[PiCamera @ picamera.py:126][DEBUG] 2017-08-24 17:38:32,097: frame #113
[PiCamera @ picamera.py:126][DEBUG] 2017-08-24 17:38:32,176: frame #114
[PiCamera @ picamera.py:126][DEBUG] 2017-08-24 17:38:32,285: frame #115
[PiCamera @ picamera.py:126][DEBUG] 2017-08-24 17:38:32,360: frame #116
[PiCamera @ picamera.py:126][DEBUG] 2017-08-24 17:38:32,474: frame #117
[PiCamera @ picamera.py:126][DEBUG] 2017-08-24 17:38:32,668: frame #118
[PiCamera @ picamera.py:126][DEBUG] 2017-08-24 17:38:32,725: frame #119
[PiCamera @ picamera.py:126][DEBUG] 2017-08-24 17:38:32,827: frame #120
[PiCamera @ picamera.py:126][DEBUG] 2017-08-24 17:38:32,929: frame #121
[PiCamera @ picamera.py:126][DEBUG] 2017-08-24 17:38:32,994: frame #122
[PiCamera @ picamera.py:126][DEBUG] 2017-08-24 17:38:33,099: frame #123
[PiCamera @ picamera.py:126][DEBUG] 2017-08-24 17:38:33,138: frame #124
[PiCamera @ picamera.py:126][DEBUG] 2017-08-24 17:38:33,221: frame #125
[PiCamera @ picamera.py:126][DEBUG] 2017-08-24 17:38:33,319: frame #126
[PiCamera @ picamera.py:126][DEBUG] 2017-08-24 17:38:33,470: frame #127
[PiCamera @ picamera.py:126][DEBUG] 2017-08-24 17:38:33,516: frame #128
[PiCamera @ picamera.py:126][DEBUG] 2017-08-24 17:38:33,643: frame #129
[PiCamera @ picamera.py:126][DEBUG] 2017-08-24 17:38:33,755: frame #130
[PiCamera @ picamera.py:126][DEBUG] 2017-08-24 17:38:33,797: frame #131
[PiCamera @ picamera.py:126][DEBUG] 2017-08-24 17:38:33,892: frame #132
[PiCamera @ picamera.py:126][DEBUG] 2017-08-24 17:38:34,003: frame #133
[PiCamera @ picamera.py:126][DEBUG] 2017-08-24 17:38:34,081: frame #134
[PiCamera @ picamera.py:126][DEBUG] 2017-08-24 17:38:34,181: frame #135
[PiCamera @ picamera.py:126][DEBUG] 2017-08-24 17:38:34,265: frame #136
[PiCamera @ picamera.py:126][DEBUG] 2017-08-24 17:38:34,377: frame #137
[PiCamera @ picamera.py:126][DEBUG] 2017-08-24 17:38:34,423: frame #138
[PiCamera @ picamera.py:126][DEBUG] 2017-08-24 17:38:34,533: frame #139
[PiCamera @ picamera.py:126][DEBUG] 2017-08-24 17:38:34,638: frame #140
[PiCamera @ picamera.py:126][DEBUG] 2017-08-24 17:38:34,765: frame #141
[PiCamera @ picamera.py:126][DEBUG] 2017-08-24 17:38:34,886: frame #142
[PiCamera @ picamera.py:126][DEBUG] 2017-08-24 17:38:34,940: frame #143
[PiCamera @ picamera.py:126][DEBUG] 2017-08-24 17:38:35,069: frame #144
[PiCamera @ picamera.py:126][DEBUG] 2017-08-24 17:38:35,108: frame #145
[PiCamera @ picamera.py:126][DEBUG] 2017-08-24 17:38:35,221: frame #146
[PiCamera @ picamera.py:126][DEBUG] 2017-08-24 17:38:35,304: frame #147
[PiCamera @ picamera.py:126][DEBUG] 2017-08-24 17:38:35,410: frame #148
[PiCamera @ picamera.py:126][DEBUG] 2017-08-24 17:38:35,524: frame #149
[PiCamera @ picamera.py:126][DEBUG] 2017-08-24 17:38:35,628: frame #150
[PiCamera @ picamera.py:126][DEBUG] 2017-08-24 17:38:35,739: frame #151
[PiCamera @ picamera.py:126][DEBUG] 2017-08-24 17:38:35,846: frame #152
[PiCamera @ picamera.py:126][DEBUG] 2017-08-24 17:38:35,907: frame #153
[PiCamera @ picamera.py:126][DEBUG] 2017-08-24 17:38:35,988: frame #154
[PiCamera @ picamera.py:126][DEBUG] 2017-08-24 17:38:36,108: frame #155
[PiCamera @ picamera.py:126][DEBUG] 2017-08-24 17:38:36,222: frame #156
[PiCamera @ picamera.py:126][DEBUG] 2017-08-24 17:38:36,301: frame #157
[PiCamera @ picamera.py:126][DEBUG] 2017-08-24 17:38:36,421: frame #158
[PiCamera @ picamera.py:126][DEBUG] 2017-08-24 17:38:36,518: frame #159
[PiCamera @ picamera.py:126][DEBUG] 2017-08-24 17:38:36,624: frame #160
[PiCamera @ picamera.py:126][DEBUG] 2017-08-24 17:38:36,693: frame #161
[PiCamera @ picamera.py:126][DEBUG] 2017-08-24 17:38:36,769: frame #162
[PiCamera @ picamera.py:126][DEBUG] 2017-08-24 17:38:36,863: frame #163
[PiCamera @ picamera.py:126][DEBUG] 2017-08-24 17:38:36,953: frame #164
[PiCamera @ picamera.py:126][DEBUG] 2017-08-24 17:38:37,061: frame #165
[PiCamera @ picamera.py:126][DEBUG] 2017-08-24 17:38:37,141: frame #166
[PiCamera @ picamera.py:126][DEBUG] 2017-08-24 17:38:37,250: frame #167
[PiCamera @ picamera.py:126][DEBUG] 2017-08-24 17:38:37,329: frame #168
[PiCamera @ picamera.py:126][DEBUG] 2017-08-24 17:38:37,426: frame #169
[PiCamera @ picamera.py:126][DEBUG] 2017-08-24 17:38:37,538: frame #170
[PiCamera @ picamera.py:126][DEBUG] 2017-08-24 17:38:37,576: frame #171
[PiCamera @ picamera.py:126][DEBUG] 2017-08-24 17:38:37,611: frame #172
[PiCamera @ picamera.py:126][DEBUG] 2017-08-24 17:38:37,753: frame #173
[PiCamera @ picamera.py:126][DEBUG] 2017-08-24 17:38:37,804: frame #174
[PiCamera @ picamera.py:126][DEBUG] 2017-08-24 17:38:37,913: frame #175
[PiCamera @ picamera.py:126][DEBUG] 2017-08-24 17:38:38,008: frame #176
[PiCamera @ picamera.py:126][DEBUG] 2017-08-24 17:38:38,049: frame #177
[PiCamera @ picamera.py:126][DEBUG] 2017-08-24 17:38:38,155: frame #178
[PiCamera @ picamera.py:126][DEBUG] 2017-08-24 17:38:38,220: frame #179
[PiCamera @ picamera.py:126][DEBUG] 2017-08-24 17:38:38,263: frame #180
[PiCamera @ picamera.py:126][DEBUG] 2017-08-24 17:38:38,326: frame #181
[PiCamera @ picamera.py:126][DEBUG] 2017-08-24 17:38:38,424: frame #182
[PiCamera @ picamera.py:126][DEBUG] 2017-08-24 17:38:38,546: frame #183
[PiCamera @ picamera.py:126][DEBUG] 2017-08-24 17:38:38,672: frame #184
[PiCamera @ picamera.py:126][DEBUG] 2017-08-24 17:38:38,792: frame #185
[PiCamera @ picamera.py:126][DEBUG] 2017-08-24 17:38:38,851: frame #186
[PiCamera @ picamera.py:126][DEBUG] 2017-08-24 17:38:38,932: frame #187
[PiCamera @ picamera.py:126][DEBUG] 2017-08-24 17:38:39,025: frame #188
[PiCamera @ picamera.py:126][DEBUG] 2017-08-24 17:38:39,118: frame #189
[PiCamera @ picamera.py:126][DEBUG] 2017-08-24 17:38:39,226: frame #190
[PiCamera @ picamera.py:126][DEBUG] 2017-08-24 17:38:39,273: frame #191
[PiCamera @ picamera.py:126][DEBUG] 2017-08-24 17:38:39,378: frame #192
[PiCamera @ picamera.py:126][DEBUG] 2017-08-24 17:38:39,469: frame #193
[PiCamera @ picamera.py:126][DEBUG] 2017-08-24 17:38:39,525: frame #194
[PiCamera @ picamera.py:126][DEBUG] 2017-08-24 17:38:39,632: frame #195
[PiCamera @ picamera.py:126][DEBUG] 2017-08-24 17:38:39,736: frame #196
[PiCamera @ picamera.py:126][DEBUG] 2017-08-24 17:38:39,845: frame #197
[PiCamera @ picamera.py:126][DEBUG] 2017-08-24 17:38:40,034: frame #198
[PiCamera @ picamera.py:126][DEBUG] 2017-08-24 17:38:40,074: frame #199
[PiCamera @ picamera.py:126][DEBUG] 2017-08-24 17:38:40,127: frame #200
[PiCamera @ picamera.py:126][DEBUG] 2017-08-24 17:38:40,205: frame #201
[PiCamera @ picamera.py:126][DEBUG] 2017-08-24 17:38:40,342: frame #202
[PiCamera @ picamera.py:126][DEBUG] 2017-08-24 17:38:40,426: frame #203
[PiCamera @ picamera.py:126][DEBUG] 2017-08-24 17:38:40,567: frame #204
[PiCamera @ picamera.py:126][DEBUG] 2017-08-24 17:38:40,653: frame #205
[PiCamera @ picamera.py:126][DEBUG] 2017-08-24 17:38:40,736: frame #206
[PiCamera @ picamera.py:126][DEBUG] 2017-08-24 17:38:40,862: frame #207
[PiCamera @ picamera.py:126][DEBUG] 2017-08-24 17:38:40,959: frame #208
[PiCamera @ picamera.py:126][DEBUG] 2017-08-24 17:38:41,053: frame #209
[PiCamera @ picamera.py:126][DEBUG] 2017-08-24 17:38:41,192: frame #210
[PiCamera @ picamera.py:126][DEBUG] 2017-08-24 17:38:41,287: frame #211
[PiCamera @ picamera.py:126][DEBUG] 2017-08-24 17:38:41,375: frame #212
[PiCamera @ picamera.py:126][DEBUG] 2017-08-24 17:38:41,455: frame #213
[PiCamera @ picamera.py:126][DEBUG] 2017-08-24 17:38:41,550: frame #214
[PiCamera @ picamera.py:126][DEBUG] 2017-08-24 17:38:41,645: frame #215
[PiCamera @ picamera.py:126][DEBUG] 2017-08-24 17:38:41,763: frame #216
[PiCamera @ picamera.py:126][DEBUG] 2017-08-24 17:38:41,870: frame #217
[PiCamera @ picamera.py:126][DEBUG] 2017-08-24 17:38:41,937: frame #218
[PiCamera @ picamera.py:126][DEBUG] 2017-08-24 17:38:41,982: frame #219
[PiCamera @ picamera.py:126][DEBUG] 2017-08-24 17:38:42,158: frame #220
[PiCamera @ picamera.py:126][DEBUG] 2017-08-24 17:38:42,244: frame #221
[PiCamera @ picamera.py:126][DEBUG] 2017-08-24 17:38:42,329: frame #222
[PiCamera @ picamera.py:126][DEBUG] 2017-08-24 17:38:42,429: frame #223
[PiCamera @ picamera.py:126][DEBUG] 2017-08-24 17:38:42,552: frame #224
[PiCamera @ picamera.py:126][DEBUG] 2017-08-24 17:38:42,657: frame #225
[PiCamera @ picamera.py:126][DEBUG] 2017-08-24 17:38:42,734: frame #226
[PiCamera @ picamera.py:126][DEBUG] 2017-08-24 17:38:42,829: frame #227
[PiCamera @ picamera.py:126][DEBUG] 2017-08-24 17:38:42,961: frame #228
[PiCamera @ picamera.py:126][DEBUG] 2017-08-24 17:38:43,063: frame #229
[PiCamera @ picamera.py:126][DEBUG] 2017-08-24 17:38:43,187: frame #230
[PiCamera @ picamera.py:126][DEBUG] 2017-08-24 17:38:43,255: frame #231
[PiCamera @ picamera.py:126][DEBUG] 2017-08-24 17:38:43,361: frame #232
[PiCamera @ picamera.py:126][DEBUG] 2017-08-24 17:38:43,471: frame #233
[PiCamera @ picamera.py:126][DEBUG] 2017-08-24 17:38:43,573: frame #234
[PiCamera @ picamera.py:126][DEBUG] 2017-08-24 17:38:43,691: frame #235
[PiCamera @ picamera.py:126][DEBUG] 2017-08-24 17:38:43,750: frame #236
[PiCamera @ picamera.py:126][DEBUG] 2017-08-24 17:38:43,842: frame #237
[PiCamera @ picamera.py:126][DEBUG] 2017-08-24 17:38:43,955: frame #238
[PiCamera @ picamera.py:126][DEBUG] 2017-08-24 17:38:44,125: frame #239
[PiCamera @ picamera.py:126][DEBUG] 2017-08-24 17:38:44,182: frame #240
[PiCamera @ picamera.py:126][DEBUG] 2017-08-24 17:38:44,270: frame #241
[PiCamera @ picamera.py:126][DEBUG] 2017-08-24 17:38:44,401: frame #242
[PiCamera @ picamera.py:126][DEBUG] 2017-08-24 17:38:44,513: frame #243
[PiCamera @ picamera.py:126][DEBUG] 2017-08-24 17:38:44,548: frame #244
[PiCamera @ picamera.py:126][DEBUG] 2017-08-24 17:38:44,646: frame #245
[PiCamera @ picamera.py:126][DEBUG] 2017-08-24 17:38:44,735: frame #246
[PiCamera @ picamera.py:126][DEBUG] 2017-08-24 17:38:44,832: frame #247
[PiCamera @ picamera.py:126][DEBUG] 2017-08-24 17:38:44,938: frame #248
[PiCamera @ picamera.py:126][DEBUG] 2017-08-24 17:38:45,018: frame #249
[PiCamera @ picamera.py:126][DEBUG] 2017-08-24 17:38:45,109: frame #250
[PiCamera @ picamera.py:126][DEBUG] 2017-08-24 17:38:45,256: frame #251
[PiCamera @ picamera.py:126][DEBUG] 2017-08-24 17:38:45,299: frame #252
[PiCamera @ picamera.py:126][DEBUG] 2017-08-24 17:38:45,392: frame #253
[PiCamera @ picamera.py:126][DEBUG] 2017-08-24 17:38:45,515: frame #254
[PiCamera @ picamera.py:126][DEBUG] 2017-08-24 17:38:45,625: frame #255
[PiCamera @ picamera.py:126][DEBUG] 2017-08-24 17:38:45,720: frame #256
[PiCamera @ picamera.py:126][DEBUG] 2017-08-24 17:38:45,766: frame #257
[PiCamera @ picamera.py:126][DEBUG] 2017-08-24 17:38:45,861: frame #258
[PiCamera @ picamera.py:126][DEBUG] 2017-08-24 17:38:45,992: frame #259
[PiCamera @ picamera.py:126][DEBUG] 2017-08-24 17:38:46,078: frame #260
[PiCamera @ picamera.py:126][DEBUG] 2017-08-24 17:38:46,193: frame #261
[PiCamera @ picamera.py:126][DEBUG] 2017-08-24 17:38:46,261: frame #262
[PiCamera @ picamera.py:126][DEBUG] 2017-08-24 17:38:46,306: frame #263
[PiCamera @ picamera.py:126][DEBUG] 2017-08-24 17:38:46,409: frame #264
[PiCamera @ picamera.py:126][DEBUG] 2017-08-24 17:38:46,552: frame #265
[PiCamera @ picamera.py:126][DEBUG] 2017-08-24 17:38:46,647: frame #266
[PiCamera @ picamera.py:126][DEBUG] 2017-08-24 17:38:46,747: frame #267
[PiCamera @ picamera.py:126][DEBUG] 2017-08-24 17:38:46,883: frame #268
[PiCamera @ picamera.py:126][DEBUG] 2017-08-24 17:38:46,951: frame #269
[PiCamera @ picamera.py:126][DEBUG] 2017-08-24 17:38:46,996: frame #270
[PiCamera @ picamera.py:126][DEBUG] 2017-08-24 17:38:47,097: frame #271
[PiCamera @ picamera.py:126][DEBUG] 2017-08-24 17:38:47,154: frame #272
[PiCamera @ picamera.py:126][DEBUG] 2017-08-24 17:38:47,203: frame #273
[PiCamera @ picamera.py:126][DEBUG] 2017-08-24 17:38:47,319: frame #274
[PiCamera @ picamera.py:126][DEBUG] 2017-08-24 17:38:47,427: frame #275
[PiCamera @ picamera.py:126][DEBUG] 2017-08-24 17:38:47,518: frame #276
[PiCamera @ picamera.py:126][DEBUG] 2017-08-24 17:38:47,627: frame #277
[PiCamera @ picamera.py:126][DEBUG] 2017-08-24 17:38:47,725: frame #278
[PiCamera @ picamera.py:126][DEBUG] 2017-08-24 17:38:47,821: frame #279
[PiCamera @ picamera.py:126][DEBUG] 2017-08-24 17:38:48,024: frame #280
[PiCamera @ picamera.py:126][DEBUG] 2017-08-24 17:38:48,074: frame #281
[PiCamera @ picamera.py:126][DEBUG] 2017-08-24 17:38:48,132: frame #282
[PiCamera @ picamera.py:126][DEBUG] 2017-08-24 17:38:48,255: frame #283
[PiCamera @ picamera.py:126][DEBUG] 2017-08-24 17:38:48,330: frame #284
[PiCamera @ picamera.py:126][DEBUG] 2017-08-24 17:38:48,477: frame #285
[PiCamera @ picamera.py:126][DEBUG] 2017-08-24 17:38:48,534: frame #286
[PiCamera @ picamera.py:126][DEBUG] 2017-08-24 17:38:48,617: frame #287
[PiCamera @ picamera.py:126][DEBUG] 2017-08-24 17:38:48,703: frame #288
[PiCamera @ picamera.py:126][DEBUG] 2017-08-24 17:38:48,804: frame #289
[PiCamera @ picamera.py:126][DEBUG] 2017-08-24 17:38:48,892: frame #290
[PiCamera @ picamera.py:126][DEBUG] 2017-08-24 17:38:49,015: frame #291
[PiCamera @ picamera.py:126][DEBUG] 2017-08-24 17:38:49,125: frame #292
[PiCamera @ picamera.py:126][DEBUG] 2017-08-24 17:38:49,184: frame #293
[PiCamera @ picamera.py:126][DEBUG] 2017-08-24 17:38:49,228: frame #294
[PiCamera @ picamera.py:126][DEBUG] 2017-08-24 17:38:49,264: frame #295
[PiCamera @ picamera.py:126][DEBUG] 2017-08-24 17:38:49,312: frame #296
[PiCamera @ picamera.py:126][DEBUG] 2017-08-24 17:38:49,419: frame #297
[PiCamera @ picamera.py:126][DEBUG] 2017-08-24 17:38:49,454: frame #298
[PiCamera @ picamera.py:126][DEBUG] 2017-08-24 17:38:49,562: frame #299
[PiCamera @ picamera.py:126][DEBUG] 2017-08-24 17:38:49,605: frame #300
[PiCamera @ picamera.py:126][DEBUG] 2017-08-24 17:38:49,637: frame #301
[PiCamera @ picamera.py:126][DEBUG] 2017-08-24 17:38:49,751: frame #302
[PiCamera @ picamera.py:126][DEBUG] 2017-08-24 17:38:49,844: frame #303
[PiCamera @ picamera.py:126][DEBUG] 2017-08-24 17:38:49,915: frame #304
[PiCamera @ picamera.py:126][DEBUG] 2017-08-24 17:38:49,958: frame #305
[PiCamera @ picamera.py:126][DEBUG] 2017-08-24 17:38:50,064: frame #306
[PiCamera @ picamera.py:126][DEBUG] 2017-08-24 17:38:50,141: frame #307
[PiCamera @ picamera.py:126][DEBUG] 2017-08-24 17:38:50,255: frame #308
[PiCamera @ picamera.py:126][DEBUG] 2017-08-24 17:38:50,319: frame #309
[PiCamera @ picamera.py:126][DEBUG] 2017-08-24 17:38:50,356: frame #310
[PiCamera @ picamera.py:126][DEBUG] 2017-08-24 17:38:50,404: frame #311
[PiCamera @ picamera.py:126][DEBUG] 2017-08-24 17:38:50,485: frame #312
[PiCamera @ picamera.py:126][DEBUG] 2017-08-24 17:38:50,633: frame #313
[PiCamera @ picamera.py:126][DEBUG] 2017-08-24 17:38:50,744: frame #314
[PiCamera @ picamera.py:126][DEBUG] 2017-08-24 17:38:50,830: frame #315
[PiCamera @ picamera.py:126][DEBUG] 2017-08-24 17:38:50,937: frame #316
[PiCamera @ picamera.py:126][DEBUG] 2017-08-24 17:38:51,040: frame #317
[PiCamera @ picamera.py:126][DEBUG] 2017-08-24 17:38:51,091: frame #318
[PiCamera @ picamera.py:126][DEBUG] 2017-08-24 17:38:51,203: frame #319
[PiCamera @ picamera.py:126][DEBUG] 2017-08-24 17:38:51,314: frame #320
[PiCamera @ picamera.py:126][DEBUG] 2017-08-24 17:38:51,390: frame #321
[PiCamera @ picamera.py:126][DEBUG] 2017-08-24 17:38:51,484: frame #322
[PiCamera @ picamera.py:126][DEBUG] 2017-08-24 17:38:51,621: frame #323
[PiCamera @ picamera.py:126][DEBUG] 2017-08-24 17:38:51,669: frame #324
[PiCamera @ picamera.py:126][DEBUG] 2017-08-24 17:38:51,717: frame #325
[PiCamera @ picamera.py:126][DEBUG] 2017-08-24 17:38:51,841: frame #326
[PiCamera @ picamera.py:126][DEBUG] 2017-08-24 17:38:51,906: frame #327
